<?xml version="1.0" encoding="UTF-8"?>
<!-- Generated by org.testng.reporters.JUnitReportReporter -->
<testsuite hostname="Divya-PC" name="com.Sel.generic.ReadExcelNum" tests="1" failures="0" timestamp="14 Dec 2019 10:43:36 GMT" time="1.514" errors="0">
  <testcase name="ReadExcelNum" time="1.514" classname="com.Sel.generic.ReadExcelNum"/>
</testsuite> <!-- com.Sel.generic.ReadExcelNum -->
