<?xml version="1.0" encoding="UTF-8"?>
<!-- Generated by org.testng.reporters.JUnitReportReporter -->
<testsuite hostname="Divya-PC" name="com.Sel.Verifylinks.linkif" tests="1" failures="0" timestamp="15 Dec 2019 04:35:03 GMT" time="2.355" errors="0">
  <testcase name="testA" time="2.355" classname="com.Sel.Verifylinks.linkif"/>
</testsuite> <!-- com.Sel.Verifylinks.linkif -->
