<?xml version="1.0" encoding="UTF-8"?>
<!-- Generated by org.testng.reporters.JUnitReportReporter -->
<testsuite hostname="Divya-PC" name="com.Sel.generic.Runexelprop" tests="1" failures="0" timestamp="14 Dec 2019 12:19:42 GMT" time="1.639" errors="0">
  <testcase name="run" time="1.639" classname="com.Sel.generic.Runexelprop"/>
</testsuite> <!-- com.Sel.generic.Runexelprop -->
