<?xml version="1.0" encoding="UTF-8"?>
<!-- Generated by org.testng.reporters.JUnitReportReporter -->
<testsuite hostname="Divya-PC" name="com.Sel.tests.ReadProp" tests="1" failures="0" timestamp="8 Dec 2019 10:07:50 GMT" time="0.057" errors="0">
  <testcase name="testA" time="0.057" classname="com.Sel.tests.ReadProp"/>
</testsuite> <!-- com.Sel.tests.ReadProp -->
