<?xml version="1.0" encoding="UTF-8"?>
<!-- Generated by org.testng.reporters.JUnitReportReporter -->
<testsuite hostname="Divya-PC" name="com.Sel.Verifylinks.RunGeneric" tests="1" failures="0" timestamp="15 Dec 2019 11:59:43 GMT" time="33.905" errors="0">
  <testcase name="testA" time="33.905" classname="com.Sel.Verifylinks.RunGeneric"/>
</testsuite> <!-- com.Sel.Verifylinks.RunGeneric -->
