<?xml version="1.0" encoding="UTF-8"?>
<!-- Generated by org.testng.reporters.JUnitReportReporter -->
<testsuite hostname="Divya-PC" name="com.Sel.svg.svgcircle" tests="1" failures="0" timestamp="14 Dec 2019 18:26:52 GMT" time="21.164" errors="0">
  <testcase name="testB" time="21.164" classname="com.Sel.svg.svgcircle"/>
</testsuite> <!-- com.Sel.svg.svgcircle -->
