<?xml version="1.0" encoding="UTF-8"?>
<!-- Generated by org.testng.reporters.JUnitReportReporter -->
<testsuite hostname="Divya-PC" name="com.Sel.Verifylinks.link" tests="1" failures="0" timestamp="15 Dec 2019 03:44:13 GMT" time="2.527" errors="0">
  <testcase name="testC" time="2.527" classname="com.Sel.Verifylinks.link"/>
</testsuite> <!-- com.Sel.Verifylinks.link -->
