<?xml version="1.0" encoding="UTF-8"?>
<!-- Generated by org.testng.reporters.JUnitReportReporter -->
<testsuite hostname="Divya-PC" name="com.Sel.JDBC.Demodb" tests="1" failures="0" timestamp="28 Dec 2019 04:49:45 GMT" time="0.671" errors="0">
  <testcase name="testA" time="0.671" classname="com.Sel.JDBC.Demodb"/>
</testsuite> <!-- com.Sel.JDBC.Demodb -->
